


ARM Macro Assembler    Page 1 


    1 00000000         ; Print.s
    2 00000000         ; Student names: change this to your names or look very 
                       silly
    3 00000000         ; Last modification date: change this to the last modifi
                       cation date or look very silly
    4 00000000         ; Runs on LM4F120 or TM4C123
    5 00000000         ; EE319K lab 7 device driver for any LCD
    6 00000000         ;
    7 00000000         ; As part of Lab 7, students need to implement these LCD
                       _OutDec and LCD_OutFix
    8 00000000         ; This driver assumes two low-level LCD functions
    9 00000000         ; ST7735_OutChar   outputs a single 8-bit ASCII characte
                       r
   10 00000000         ; ST7735_OutString outputs a null-terminated string 
   11 00000000         
   12 00000000                 IMPORT           ST7735_OutChar
   13 00000000                 IMPORT           ST7735_OutString
   14 00000000                 EXPORT           LCD_OutDec
   15 00000000                 EXPORT           LCD_OutFix
   16 00000000         
   17 00000000 00000000 
                       number  EQU              0
   18 00000000 00000004 
                       counter EQU              4
   19 00000000         
   20 00000000                 AREA             |.text|, CODE, READONLY, ALIGN=
2
   21 00000000                 THUMB
   22 00000000         
   23 00000000         
   24 00000000         
   25 00000000         ;-----------------------LCD_OutDec----------------------
                       -
   26 00000000         ; Output a 32-bit number in unsigned decimal format
   27 00000000         ; Input: R0 (call by value) 32-bit unsigned number
   28 00000000         ; Output: none
   29 00000000         ; Invariables: This function must not permanently modify
                        registers R4 to R11
   30 00000000         LCD_OutDec
   31 00000000         ; copy/paste Lab 7 solution here
   32 00000000 E92D 4FF1       PUSH             {R0,R4-R11, LR}
   33 00000004 B082            SUB              SP, #8      ;Allocation of stac
                                                            k
   34 00000006 46EB            MOV              R11, SP
   35 00000008 280A            CMP              R0, #10     ;check if R0 only h
                                                            olds a single digit
                                                            
   36 0000000A D32A            BLO              printOutSingle
   37 0000000C 4607            MOV              R7, R0      ;Count number of di
                                                            gits in input (plac
                                                            e original number i
                                                            n R7)
   38 0000000E F04F 060A       MOV              R6, #0x0A   ;set R6 = 10
   39 00000012 F04F 0800       MOV              R8, #0      ;Make R8 a counter 
                                                            (initialized as 1)
   40 00000016         countDigLoop
   41 00000016 F108 0801       ADD              R8, R8, #1
   42 0000001A FBB7 F7F6       UDIV             R7, R7, R6  ;Divide input by 10
                                                             to count number of



ARM Macro Assembler    Page 2 


                                                             digits
   43 0000001E 2F00            CMP              R7, #0
   44 00000020 D1F9            BNE              countDigLoop
   45 00000022 4607            MOV              R7, R0      ;Reset R7 as origin
                                                            al input value
   46 00000024         nextDigitStackLoop
   47 00000024 FBB7 F7F6       UDIV             R7, R7, R6  ;take away the leas
                                                            t significant digit
                                                             (if R7/10 = 0, it 
                                                            means no more digit
                                                            s to print)
   48 00000028 FB07 F706       MUL              R7, R7, R6  ;R7 = (R0/10) * 10 
                                                            => R0 = *** and R7 
                                                            = **0
   49 0000002C EBA0 0007       SUB              R0, R0, R7  ;=> R0 = 00*
   50 00000030 B501            PUSH             {R0, LR}    ;push onto stack
   51 00000032 FBB7 F7F6       UDIV             R7, R7, R6  ;precede to next di
                                                            git
   52 00000036 2F00            CMP              R7, #0
   53 00000038 D001            BEQ              printOutStack
   54 0000003A 4638            MOV              R0, R7      ;R0 without its lea
                                                            st significant digi
                                                            t
   55 0000003C E7F2            B                nextDigitStackLoop
   56 0000003E         printOutStack
   57 0000003E F8CB 8004       STR              R8, [R11, #counter] ;local vari
                                                            able number will ju
                                                            st hold number of d
                                                            igits in number to 
                                                            print
   58 00000042         stackLoop
   59 00000042 F8DB 8004       LDR              R8, [R11, #counter]
   60 00000046 F1B8 0F00       CMP              R8, #0
   61 0000004A D00E            BEQ              finish
   62 0000004C F1A8 0801       SUB              R8, #1
   63 00000050 F8CB 8004       STR              R8, [R11, #counter]
   64 00000054 E8BD 4001       POP              {R0, LR}
   65 00000058 F100 0030       ADD              R0, #0x30
   66 0000005C F7FF FFFE       BL               ST7735_OutChar
   67 00000060 E7EF            B                stackLoop
   68 00000062         printOutSingle
   69 00000062 F100 0030       ADD              R0, #0x30
   70 00000066 F7FF FFFE       BL               ST7735_OutChar
   71 0000006A         finish
   72 0000006A B002            ADD              SP, #8      ;Deallocation of st
                                                            ack
   73 0000006C E8BD 4FF1       POP              {R0,R4-R11, LR}
   74 00000070         
   75 00000070 4770            BX               LR
   76 00000072         ;* * * * * * * * End of LCD_OutDec * * * * * * * *
   77 00000072         
   78 00000072         ; -----------------------LCD _OutFix--------------------
                       --
   79 00000072         ; Output characters to LCD display in fixed-point format
                       
   80 00000072         ; unsigned decimal, resolution 0.01, range 0.00 to 9.99
   81 00000072         ; Inputs:  R0 is an unsigned 32-bit number
   82 00000072         ; Outputs: none
   83 00000072         ; E.g., R0=0,    then output "0.00 "



ARM Macro Assembler    Page 3 


   84 00000072         ;       R0=3,    then output "0.03 "
   85 00000072         ;       R0=89,   then output "0.89 "
   86 00000072         ;       R0=123,  then output "1.23 "
   87 00000072         ;       R0=999,  then output "9.99 "
   88 00000072         ;       R0>999,  then output "*.** "
   89 00000072         ; Invariables: This function must not permanently modify
                        registers R4 to R11
   90 00000072         LCD_OutFix
   91 00000072         ; copy/paste Lab 7 solution here
   92 00000072 E92D 4FF1       PUSH             {R0,R4-R11, LR}
   93 00000076 B082            SUB              SP, #8      ;Allocate space for
                                                             variables
   94 00000078 F240 36E7       MOV              R6, #999
   95 0000007C 42B0            CMP              R0, R6
   96 0000007E D82B            BHI              printStars  ;exception case whe
                                                            n R0>999, print "*.
                                                            **"
   97 00000080 F04F 0664       MOV              R6, #100    ;want to print out 
                                                            the most significan
                                                            t digit
   98 00000084 4604            MOV              R4, R0      ;place original val
                                                            ue into R4
   99 00000086 9400            STR              R4, [SP, #number]
  100 00000088 FBB0 F0F6       UDIV             R0, R0, R6  ;have R0 contain on
                                                            ly the most signifi
                                                            cant digit
  101 0000008C F100 0030       ADD              R0, #0x30
  102 00000090 F7FF FFFE       BL               ST7735_OutChar ;print most sign
                                                            ificant digit
  103 00000094 F04F 002E       MOV              R0, #0x2E
  104 00000098 F7FF FFFE       BL               ST7735_OutChar ;print out the d
                                                            ecimal
  105 0000009C 9800            LDR              R0, [SP, #number] ;Have R0 retu
                                                            rn to original valu
                                                            e
  106 0000009E FBB4 F4F6       UDIV             R4, R4, R6  ;Divide by 100 so i
                                                            nput only has most 
                                                            significant digit
  107 000000A2 FB04 F406       MUL              R4, R4, R6  ;Multiply R4 by 100
                                                             so it can have sam
                                                            e degree as R0
  108 000000A6 EBA0 0004       SUB              R0, R0, R4  ;Subtract R4 from R
                                                            0 so now it has the
                                                             last 2 digits
  109 000000AA F04F 060A       MOV              R6, #10     ;want to print out 
                                                            the 2nd digit
  110 000000AE 4604            MOV              R4, R0      ;keep the current v
                                                            alue in R1
  111 000000B0 9400            STR              R4, [SP, #number]
  112 000000B2 FBB0 F0F6       UDIV             R0, R0, R6  ;place 2nd digit on
                                                            ly into R0
  113 000000B6 F100 0030       ADD              R0, #0x30
  114 000000BA F7FF FFFE       BL               ST7735_OutChar ;print 2nd digit
                                                            
  115 000000BE 9800            LDR              R0, [SP, #number]
  116 000000C0 FBB0 F0F6       UDIV             R0, R0, R6
  117 000000C4 FB00 F006       MUL              R0, R0, R6
  118 000000C8 EBA4 0400       SUB              R4, R4, R0
  119 000000CC 4620            MOV              R0, R4



ARM Macro Assembler    Page 4 


  120 000000CE F100 0030       ADD              R0, #0x30
  121 000000D2 F7FF FFFE       BL               ST7735_OutChar
  122 000000D6 E00F            B                finishOutFix
  123 000000D8         printStars
  124 000000D8 F04F 002A       MOV              R0, #0x2A
  125 000000DC F7FF FFFE       BL               ST7735_OutChar
  126 000000E0 F04F 002E       MOV              R0, #0x2E
  127 000000E4 F7FF FFFE       BL               ST7735_OutChar
  128 000000E8 F04F 002A       MOV              R0, #0x2A
  129 000000EC F7FF FFFE       BL               ST7735_OutChar
  130 000000F0 F04F 002A       MOV              R0, #0x2A
  131 000000F4 F7FF FFFE       BL               ST7735_OutChar
  132 000000F8         finishOutFix
  133 000000F8         
  134 000000F8 B002            ADD              SP, #8      ;Deallocate space f
                                                            or local variables
  135 000000FA E8BD 4FF1       POP              {R0,R4-R11, LR}
  136 000000FE 4770            BX               LR
  137 00000100         
  138 00000100         
  139 00000100         ;* * * * * * * * End of LCD_OutFix * * * * * * * *
  140 00000100         
  141 00000100                 ALIGN                        ; make sure the end
                                                             of this section is
                                                             aligned
  142 00000100                 END                          ; end of file
Command Line: --debug --xref --diag_suppress=9931 --cpu=Cortex-M4 --apcs=interw
ork --depend=.\print.d -o.\print.o -I.\RTE\_Lab8 -IC:\Users\iiale\AppData\Local
\Arm\Packs\ARM\CMSIS\5.6.0\CMSIS\Core\Include -IC:\Users\iiale\AppData\Local\Ar
m\Packs\Keil\TM4C_DFP\1.1.0\Device\Include\TM4C123 --predefine="__EVAL SETA 1" 
--predefine="__UVISION_VERSION SETA 529" --predefine="_RTE_ SETA 1" --predefine
="TM4C123GH6PM SETA 1" --list=.\print.lst Print.s



ARM Macro Assembler    Page 1 Alphabetic symbol ordering
Relocatable symbols

.text 00000000

Symbol: .text
   Definitions
      At line 20 in file Print.s
   Uses
      None
Comment: .text unused
LCD_OutDec 00000000

Symbol: LCD_OutDec
   Definitions
      At line 30 in file Print.s
   Uses
      At line 14 in file Print.s
Comment: LCD_OutDec used once
LCD_OutFix 00000072

Symbol: LCD_OutFix
   Definitions
      At line 90 in file Print.s
   Uses
      At line 15 in file Print.s
Comment: LCD_OutFix used once
countDigLoop 00000016

Symbol: countDigLoop
   Definitions
      At line 40 in file Print.s
   Uses
      At line 44 in file Print.s
Comment: countDigLoop used once
finish 0000006A

Symbol: finish
   Definitions
      At line 71 in file Print.s
   Uses
      At line 61 in file Print.s
Comment: finish used once
finishOutFix 000000F8

Symbol: finishOutFix
   Definitions
      At line 132 in file Print.s
   Uses
      At line 122 in file Print.s
Comment: finishOutFix used once
nextDigitStackLoop 00000024

Symbol: nextDigitStackLoop
   Definitions
      At line 46 in file Print.s
   Uses
      At line 55 in file Print.s
Comment: nextDigitStackLoop used once
printOutSingle 00000062

Symbol: printOutSingle



ARM Macro Assembler    Page 2 Alphabetic symbol ordering
Relocatable symbols

   Definitions
      At line 68 in file Print.s
   Uses
      At line 36 in file Print.s
Comment: printOutSingle used once
printOutStack 0000003E

Symbol: printOutStack
   Definitions
      At line 56 in file Print.s
   Uses
      At line 53 in file Print.s
Comment: printOutStack used once
printStars 000000D8

Symbol: printStars
   Definitions
      At line 123 in file Print.s
   Uses
      At line 96 in file Print.s
Comment: printStars used once
stackLoop 00000042

Symbol: stackLoop
   Definitions
      At line 58 in file Print.s
   Uses
      At line 67 in file Print.s
Comment: stackLoop used once
11 symbols



ARM Macro Assembler    Page 1 Alphabetic symbol ordering
Absolute symbols

counter 00000004

Symbol: counter
   Definitions
      At line 18 in file Print.s
   Uses
      At line 57 in file Print.s
      At line 59 in file Print.s
      At line 63 in file Print.s

number 00000000

Symbol: number
   Definitions
      At line 17 in file Print.s
   Uses
      At line 99 in file Print.s
      At line 105 in file Print.s
      At line 111 in file Print.s
      At line 115 in file Print.s

2 symbols



ARM Macro Assembler    Page 1 Alphabetic symbol ordering
External symbols

ST7735_OutChar 00000000

Symbol: ST7735_OutChar
   Definitions
      At line 12 in file Print.s
   Uses
      At line 66 in file Print.s
      At line 70 in file Print.s
      At line 102 in file Print.s
      At line 104 in file Print.s
      At line 114 in file Print.s
      At line 121 in file Print.s
      At line 125 in file Print.s
      At line 127 in file Print.s
      At line 129 in file Print.s
      At line 131 in file Print.s

ST7735_OutString 00000000

Symbol: ST7735_OutString
   Definitions
      At line 13 in file Print.s
   Uses
      None
Comment: ST7735_OutString unused
2 symbols
349 symbols in table
